<?xml version="1.0" encoding="UTF-8" ?>
<testsuite errors="0" failures="0" hostname="dubu" name="racetrack.RegistrationTests" tests="1" time="0.019" timestamp="2011-02-21T06:28:52">
  <properties />
  <testcase classname="racetrack.RegistrationTests" name="testSomething" time="0.0030" />
  <system-out><![CDATA[--Output from testSomething--
]]></system-out>
  <system-err><![CDATA[--Output from testSomething--
]]></system-err>
</testsuite>
